select * from user_pic_message where id=5 or id='6' or id='7' or id='8' or id='14' or id='13' or id='15' or id='16' ;
2013-09-27
2013-09-27
2013-09-27
2013-09-27
2013-09-27
2013-09-27
2013-09-27
2013-09-27
show_img([['http://mmbiz.qpic.cn/mmbiz/X4XEGYefSBS5oOGAotwPArHGdJ66yrxJuwJIiaRbeBkRUOh1fMXw1XJxXEvD0s6oVL7y0w0kaEdkbqOrIQdsboQ/0','5'],['http://mmbiz.qpic.cn/mmbiz/X4XEGYefSBS5oOGAotwPAuh0ALl7YGrLqo9Hoiaic1TTcaU98RJrbJgJdAHnVduDFSGv9Kr2VSlZYvdxgmykqCWQ/0','6'],['http://mmbiz.qpic.cn/mmbiz/X22ZiaiczhfNED2hiaWkq3x6y44Bvea2dR60pGDYtYdCkx6vDub2LmrdoFfekQ7ybZCtaeLnvXaDyb8g2UoB6Tb0w/0','7'],['http://mmbiz.qpic.cn/mmbiz/X22ZiaiczhfNED2hiaWkq3x6y44Bvea2dR6h412uNBib44d00P8aavVq0TBg517SicRCYQVFsdekyVhy24SREFe88Fg/0','8'],['http://mmbiz.qpic.cn/mmbiz/X22ZiaiczhfNED2hiaWkq3x6y44Bvea2dR6qun0KicPRj8bURHNKOYiaNZUBjXy1mib7JwdEBicpYQVPpgEOiagTHNEA9Q/0','13'],['http://mmbiz.qpic.cn/mmbiz/X22ZiaiczhfNED2hiaWkq3x6y44Bvea2dR6IMpxibOojQAjbyrMHNmWDvwOllE659xMbxgf0v3FeGvLuic7qgYRibZYQ/0','14'],['http://mmbiz.qpic.cn/mmbiz/X22ZiaiczhfNED2hiaWkq3x6y44Bvea2dR6xknder9picMibpz0VibF2rf7ZouvzRk0TibU44A3icpdYktbiaSnCPnBfNLw/0','15'],['http://mmbiz.qpic.cn/mmbiz/X22ZiaiczhfNED2hiaWkq3x6y44Bvea2dR6twAj1cvkja4GMt0BAHzV1wdhy2zsJiaWC84yuqtF8picR8DQCReTsqdg/0','16'],]);
select * from user_pic_message where id=5 or id='6' or id='7' or id='8' or id='14' or id='13' or id='15' or id='16' ;
2013-09-22
2013-09-22
2013-09-22
2013-09-22
2013-09-22
2013-09-22
2013-09-22
2013-09-22
show_img([]);
select * from user_pic_message where id=5 or id='6' or id='7' or id='8' or id='14' or id='13' or id='15' or id='16' ;
2013-09-22
2013-09-22
2013-09-22
2013-09-22
2013-09-22
2013-09-22
2013-09-22
2013-09-22
show_img([]);
select * from user_pic_message where id=5 or id='6' or id='7' or id='8' or id='14' or id='13' or id='15' or id='16' ;
2013-09-22
2013-09-22
2013-09-22
2013-09-22
2013-09-22
2013-09-22
2013-09-22
2013-09-22
show_img([]);
select * from user_pic_message where id=5 or id='6' or id='7' or id='8' or id='14' or id='13' or id='15' or id='16' ;
2013-09-22
2013-09-22
2013-09-22
2013-09-22
2013-09-22
2013-09-22
2013-09-22
2013-09-22
show_img([['http://mmbiz.qpic.cn/mmbiz/X4XEGYefSBS5oOGAotwPArHGdJ66yrxJuwJIiaRbeBkRUOh1fMXw1XJxXEvD0s6oVL7y0w0kaEdkbqOrIQdsboQ/0','5'],['http://mmbiz.qpic.cn/mmbiz/X4XEGYefSBS5oOGAotwPAuh0ALl7YGrLqo9Hoiaic1TTcaU98RJrbJgJdAHnVduDFSGv9Kr2VSlZYvdxgmykqCWQ/0','6'],['http://mmbiz.qpic.cn/mmbiz/X22ZiaiczhfNED2hiaWkq3x6y44Bvea2dR60pGDYtYdCkx6vDub2LmrdoFfekQ7ybZCtaeLnvXaDyb8g2UoB6Tb0w/0','7'],['http://mmbiz.qpic.cn/mmbiz/X22ZiaiczhfNED2hiaWkq3x6y44Bvea2dR6h412uNBib44d00P8aavVq0TBg517SicRCYQVFsdekyVhy24SREFe88Fg/0','8'],['http://mmbiz.qpic.cn/mmbiz/X22ZiaiczhfNED2hiaWkq3x6y44Bvea2dR6qun0KicPRj8bURHNKOYiaNZUBjXy1mib7JwdEBicpYQVPpgEOiagTHNEA9Q/0','13'],['http://mmbiz.qpic.cn/mmbiz/X22ZiaiczhfNED2hiaWkq3x6y44Bvea2dR6IMpxibOojQAjbyrMHNmWDvwOllE659xMbxgf0v3FeGvLuic7qgYRibZYQ/0','14'],['http://mmbiz.qpic.cn/mmbiz/X22ZiaiczhfNED2hiaWkq3x6y44Bvea2dR6xknder9picMibpz0VibF2rf7ZouvzRk0TibU44A3icpdYktbiaSnCPnBfNLw/0','15'],['http://mmbiz.qpic.cn/mmbiz/X22ZiaiczhfNED2hiaWkq3x6y44Bvea2dR6twAj1cvkja4GMt0BAHzV1wdhy2zsJiaWC84yuqtF8picR8DQCReTsqdg/0','16'],]);
select * from user_pic_message where id=5 or id='6' or id='7' or id='8' or id='14' or id='13' or id='15' or id='16' ;
2013-09-22
2013-09-22
2013-09-22
2013-09-22
2013-09-22
2013-09-22
2013-09-22
2013-09-22
show_img([['http://mmbiz.qpic.cn/mmbiz/X4XEGYefSBS5oOGAotwPArHGdJ66yrxJuwJIiaRbeBkRUOh1fMXw1XJxXEvD0s6oVL7y0w0kaEdkbqOrIQdsboQ/0','5'],['http://mmbiz.qpic.cn/mmbiz/X4XEGYefSBS5oOGAotwPAuh0ALl7YGrLqo9Hoiaic1TTcaU98RJrbJgJdAHnVduDFSGv9Kr2VSlZYvdxgmykqCWQ/0','6'],['http://mmbiz.qpic.cn/mmbiz/X22ZiaiczhfNED2hiaWkq3x6y44Bvea2dR60pGDYtYdCkx6vDub2LmrdoFfekQ7ybZCtaeLnvXaDyb8g2UoB6Tb0w/0','7'],['http://mmbiz.qpic.cn/mmbiz/X22ZiaiczhfNED2hiaWkq3x6y44Bvea2dR6h412uNBib44d00P8aavVq0TBg517SicRCYQVFsdekyVhy24SREFe88Fg/0','8'],['http://mmbiz.qpic.cn/mmbiz/X22ZiaiczhfNED2hiaWkq3x6y44Bvea2dR6qun0KicPRj8bURHNKOYiaNZUBjXy1mib7JwdEBicpYQVPpgEOiagTHNEA9Q/0','13'],['http://mmbiz.qpic.cn/mmbiz/X22ZiaiczhfNED2hiaWkq3x6y44Bvea2dR6IMpxibOojQAjbyrMHNmWDvwOllE659xMbxgf0v3FeGvLuic7qgYRibZYQ/0','14'],['http://mmbiz.qpic.cn/mmbiz/X22ZiaiczhfNED2hiaWkq3x6y44Bvea2dR6xknder9picMibpz0VibF2rf7ZouvzRk0TibU44A3icpdYktbiaSnCPnBfNLw/0','15'],['http://mmbiz.qpic.cn/mmbiz/X22ZiaiczhfNED2hiaWkq3x6y44Bvea2dR6twAj1cvkja4GMt0BAHzV1wdhy2zsJiaWC84yuqtF8picR8DQCReTsqdg/0','16'],]);
select * from user_pic_message where id=5 or id='6' or id='7' or id='8' or id='14' or id='13' or id='15' or id='16' ;
2013-09-22
2013-09-22
2013-09-22
2013-09-22
2013-09-22
2013-09-22
2013-09-22
2013-09-22
show_img([['http://mmbiz.qpic.cn/mmbiz/X4XEGYefSBS5oOGAotwPArHGdJ66yrxJuwJIiaRbeBkRUOh1fMXw1XJxXEvD0s6oVL7y0w0kaEdkbqOrIQdsboQ/0','5'],['http://mmbiz.qpic.cn/mmbiz/X4XEGYefSBS5oOGAotwPAuh0ALl7YGrLqo9Hoiaic1TTcaU98RJrbJgJdAHnVduDFSGv9Kr2VSlZYvdxgmykqCWQ/0','6'],['http://mmbiz.qpic.cn/mmbiz/X22ZiaiczhfNED2hiaWkq3x6y44Bvea2dR60pGDYtYdCkx6vDub2LmrdoFfekQ7ybZCtaeLnvXaDyb8g2UoB6Tb0w/0','7'],['http://mmbiz.qpic.cn/mmbiz/X22ZiaiczhfNED2hiaWkq3x6y44Bvea2dR6h412uNBib44d00P8aavVq0TBg517SicRCYQVFsdekyVhy24SREFe88Fg/0','8'],['http://mmbiz.qpic.cn/mmbiz/X22ZiaiczhfNED2hiaWkq3x6y44Bvea2dR6qun0KicPRj8bURHNKOYiaNZUBjXy1mib7JwdEBicpYQVPpgEOiagTHNEA9Q/0','13'],['http://mmbiz.qpic.cn/mmbiz/X22ZiaiczhfNED2hiaWkq3x6y44Bvea2dR6IMpxibOojQAjbyrMHNmWDvwOllE659xMbxgf0v3FeGvLuic7qgYRibZYQ/0','14'],['http://mmbiz.qpic.cn/mmbiz/X22ZiaiczhfNED2hiaWkq3x6y44Bvea2dR6xknder9picMibpz0VibF2rf7ZouvzRk0TibU44A3icpdYktbiaSnCPnBfNLw/0','15'],['http://mmbiz.qpic.cn/mmbiz/X22ZiaiczhfNED2hiaWkq3x6y44Bvea2dR6twAj1cvkja4GMt0BAHzV1wdhy2zsJiaWC84yuqtF8picR8DQCReTsqdg/0','16'],]);
delete from house_view where id=5

select * from user_pic_message where id=6 or id='7' or id='8' or id='14' or id='13' or id='15' or id='16' ;
2013-09-22
2013-09-22
2013-09-22
2013-09-22
2013-09-22
2013-09-22
2013-09-22
show_img([['http://mmbiz.qpic.cn/mmbiz/X4XEGYefSBS5oOGAotwPAuh0ALl7YGrLqo9Hoiaic1TTcaU98RJrbJgJdAHnVduDFSGv9Kr2VSlZYvdxgmykqCWQ/0','6'],['http://mmbiz.qpic.cn/mmbiz/X22ZiaiczhfNED2hiaWkq3x6y44Bvea2dR60pGDYtYdCkx6vDub2LmrdoFfekQ7ybZCtaeLnvXaDyb8g2UoB6Tb0w/0','7'],['http://mmbiz.qpic.cn/mmbiz/X22ZiaiczhfNED2hiaWkq3x6y44Bvea2dR6h412uNBib44d00P8aavVq0TBg517SicRCYQVFsdekyVhy24SREFe88Fg/0','8'],['http://mmbiz.qpic.cn/mmbiz/X22ZiaiczhfNED2hiaWkq3x6y44Bvea2dR6qun0KicPRj8bURHNKOYiaNZUBjXy1mib7JwdEBicpYQVPpgEOiagTHNEA9Q/0','13'],['http://mmbiz.qpic.cn/mmbiz/X22ZiaiczhfNED2hiaWkq3x6y44Bvea2dR6IMpxibOojQAjbyrMHNmWDvwOllE659xMbxgf0v3FeGvLuic7qgYRibZYQ/0','14'],['http://mmbiz.qpic.cn/mmbiz/X22ZiaiczhfNED2hiaWkq3x6y44Bvea2dR6xknder9picMibpz0VibF2rf7ZouvzRk0TibU44A3icpdYktbiaSnCPnBfNLw/0','15'],['http://mmbiz.qpic.cn/mmbiz/X22ZiaiczhfNED2hiaWkq3x6y44Bvea2dR6twAj1cvkja4GMt0BAHzV1wdhy2zsJiaWC84yuqtF8picR8DQCReTsqdg/0','16'],]);
select * from user_pic_message where ;show_img([]);select * from user_pic_message where ;show_img([]);select * from user_pic_message where ;show_img([]);select * from user_pic_message where ;show_img([]);select * from user_pic_message where ;show_img([]);select * from user_pic_message where ;show_img([]);2013-09-22
2013-09-22
2013-09-22
2013-09-22
2013-09-22
2013-09-22
2013-09-22
select * from user_pic_message where ;
2013-09-22
2013-09-22
2013-09-22
2013-09-22
2013-09-22
2013-09-22
2013-09-22
select * from user_pic_message where id=6 or id='7' or id='8' or id='14' or id='13' or id='15' or id='16' ;
delete from house_view where id=8

2013-09-22
2013-09-22
2013-09-22
2013-09-22
2013-09-22
2013-09-22
select * from user_pic_message where id=6 or id='7' or id='14' or id='13' or id='15' or id='16' ;
2013-09-22
2013-09-22
2013-09-22
2013-09-22
2013-09-22
2013-09-22
select * from user_pic_message where id=6 or id='7' or id='14' or id='13' or id='15' or id='16' ;
2013-09-22
2013-09-22
2013-09-22
2013-09-22
2013-09-22
2013-09-22
select * from user_pic_message where id=6 or id='7' or id='14' or id='13' or id='15' or id='16' ;
2013-09-22
2013-09-22
2013-09-22
2013-09-22
2013-09-22
2013-09-22
select * from user_pic_message where id=6 or id='7' or id='14' or id='13' or id='15' or id='16' ;
2013-09-22
2013-09-22
2013-09-22
2013-09-22
2013-09-22
2013-09-22
select * from user_pic_message where id=6 or id='7' or id='14' or id='13' or id='15' or id='16' ;
2013-09-22
2013-09-22
2013-09-22
2013-09-22
2013-09-22
2013-09-22
select * from user_pic_message where ;
2013-09-22
2013-09-22
2013-09-22
2013-09-22
2013-09-22
2013-09-22
select * from user_pic_message where ;
2013-09-22
2013-09-22
2013-09-22
2013-09-22
2013-09-22
2013-09-22
select * from user_pic_message where ;
2013-09-22
2013-09-22
2013-09-22
2013-09-22
2013-09-22
2013-09-22
select * from user_pic_message where ;
2013-09-22
2013-09-22
2013-09-22
2013-09-22
2013-09-22
2013-09-22
select * from user_pic_message where ;
2013-09-22
2013-09-22
2013-09-22
2013-09-22
2013-09-22
2013-09-22
select * from user_pic_message where ;
2013-09-22
2013-09-22
2013-09-22
2013-09-22
2013-09-22
2013-09-22
select * from user_pic_message where id=6 or id='7' or id='14' or id='13' or id='15' or id='16' ;
2013-09-22
2013-09-22
2013-09-22
2013-09-22
2013-09-22
2013-09-22
select * from user_pic_message where id=6 or id='7' or id='14' or id='13' or id='15' or id='16' ;
[];select * from tj where v5= and v4 >= '2013-09-01' and v4 <= '2013-09-30'[];select * from tj where v5= and v4 >= '2013-09-01' and v4 <= '2013-09-30'[];select * from tj where v5= and v4 >= '2013-09-01' and v4 <= '2013-09-30'
[];
select * from tj where v5=2 and v4 >= '2013-09-01' and v4 <= '2013-09-30'
[['关注用户','2013-09-28','100','101'],];
select * from tj where v5=2 and v4 >= '选择日期' and v4 <= '选择日期'
[];
select * from tj where v5=2 and v4 >= '选择日期' and v4 <= '选择日期'
[];
select * from tj where v5=2 and v4 >= '选择日期' and v4 <= '选择日期'
[];
select * from tj where v5=2 and v4 >= '选择日期' and v4 <= '选择日期'
[];
select * from tj where v5=2 and v4 >= '2013-09-01' and v4 <= '2013-09-30'
[['关注用户','2013-09-28','100','101'],];
select * from tj where v5=2 and v4 >= '2013-09-01' and v4 <= '2013-09-30'
[['关注用户','2013-09-28','100','101'],]
select * from tj where v5=2 and v4 >= '2013-09-01' and v4 <= '2013-09-30'
[['关注用户','2013-09-28','100','101'],]
select * from tj where v5=2 and v4 >= '2013-09-01' and v4 <= '2013-09-30'
[['关注用户','2013-09-28','100','101'],]
select * from tj where v5=2 and v4 >= '2013-09-01' and v4 <= '2013-09-30'
[['关注用户','2013-09-28','100','101'],]
select * from tj where v5=2 and v4 >= '2013-09-01' and v4 <= '2013-09-30'
[['关注用户','2013-09-28','100','101'],]
select * from tj where v5=2 and v4 >= '2013-09-01' and v4 <= '2013-09-30'
[['关注用户','2013-09-28','100','101'],]
select * from tj where v5=2 and v4 >= '2013-09-01' and v4 <= '2013-09-30'
[['关注用户','2013-09-28','100','101'],]
select * from tj where v5=2 and v4 >= '2013-09-01' and v4 <= '2013-09-30'
[['关注用户','2013-09-28','100','101'],]
2013-09-22

2013-09-22

2013-09-22

2013-09-22

2013-09-22

2013-09-22

select * from user_pic_message where id=6 or id='7' or id='14' or id='13' or id='15' or id='16' ;

delete from house_view where id=7


2013-09-22

2013-09-22

2013-09-22

2013-09-22

2013-09-22

select * from user_pic_message where id=6 or id='14' or id='13' or id='15' or id='16' ;

delete from house_view where id=13


2013-09-22

2013-09-22

2013-09-22

2013-09-22

select * from user_pic_message where id=6 or id='14' or id='15' or id='16' ;

delete from house_view where id=14


2013-09-22

2013-09-22

2013-09-22

select * from user_pic_message where id=6 or id='15' or id='16' ;

select * from tj where v5=2 and v4 >= '2013-09-01' and v4 <= '2013-09-30'
[['关注用户','2013-09-28','100','101'],]
select * from tj where v5=2 and v4 >= '2013-09-01' and v4 <= '2013-09-30'
[['关注用户','2013-09-28','100','101'],]
select * from tj where v5=2 and v4 >= '2013-09-01' and v4 <= '2013-09-30'
[['关注用户','2013-09-28','100','101'],]
select * from tj where v5=2 and v4 >= '2013-09-01' and v4 <= '2013-09-30'
[['关注用户','2013-09-28','100','101'],]
select * from tj where v5=2 and v4 >= '2013-09-01' and v4 <= '2013-09-30'
[['关注用户','2013-09-28','100','101'],]
select * from tj where v5=2 and v4 >= '2013-09-01' and v4 <= '2013-09-30'
[['关注用户','2013-09-28','100','101'],['关注人数','2013-09-29','200','300'],]
select * from tj where v5=2 and v4 >= '2013-09-01' and v4 <= '2013-09-30'
[['关注用户','2013-09-28','100','101'],['关注人数','2013-09-29','200','300'],]
select * from tj where v5=2 and v4 >= '2013-09-01' and v4 <= '2013-09-30'
[['关注用户','2013-09-28','100','101'],['关注人数','2013-09-29','200','300'],]
select * from tj where v5=2 and v4 >= '2013-09-01' and v4 <= '2013-09-30'
[['关注用户','2013-09-28','100','101'],['关注人数','2013-09-29','200','300'],]
select * from tj where v5=2 and v4 >= '2013-09-01' and v4 <= '2013-09-30'
[['关注用户','2013-09-28','100','101'],['关注人数','2013-09-29','200','300'],]
select * from tj where v5=2 and v4 >= '2013-09-01' and v4 <= '2013-09-30'
[['关注用户','2013-09-28','100','101'],['关注人数','2013-09-29','200','300'],]
select * from tj where v5=2 and v4 >= '2013-09-01' and v4 <= '2013-09-30'
[['关注用户','2013-09-28','100','101'],['关注人数','2013-09-29','200','300'],]
select * from tj where v5=2 and v4 >= '2013-09-01' and v4 <= '2013-09-30'
[['关注用户','2013-09-28','100','101'],['关注人数','2013-09-29','200','300'],]
select * from tj where v5=2 and v4 >= '2013-09-01' and v4 <= '2013-09-30'
[['关注用户','2013-09-28','100','101'],['关注人数','2013-09-29','200','300'],]
2013-09-22

2013-09-22

2013-09-22

select * from user_pic_message where id=6 or id='15' or id='16' ;

select * from tj where v5=2 and v4 >= '2013-09-01' and v4 <= '2013-09-30'
create_tj([['关注用户','2013-09-28','100','101'],['关注人数','2013-09-29','200','300'],]);
select * from tj where v5=2 and v4 >= '2013-09-01' and v4 <= '2013-09-30'
create_tj([['关注用户','2013-09-28','100','101'],['关注人数','2013-09-29','200','300'],]);
select * from tj where v5=2 and v4 >= '2013-09-01' and v4 <= '2013-09-30'
create_tj([['关注用户','2013-09-28','100','101'],['关注人数','2013-09-29','200','300'],]);
select * from tj where v5=2 and v4 >= '2013-09-01' and v4 <= '2013-09-30'
create_tj([['关注用户','2013-09-28','100','101'],['关注人数','2013-09-29','200','300'],]);
select * from tj where v5=2 and v4 >= '2013-09-01' and v4 <= '2013-09-30'
create_tj([['关注用户','2013-09-28','100','101'],['关注人数','2013-09-29','200','300'],]);
select * from tj where v5=2 and v4 >= '2013-09-01' and v4 <= '2013-09-30'
create_tj([['关注用户','2013-09-28','100','101'],['关注人数','2013-09-29','200','300'],]);
select * from tj where v5=2 and v4 >= '2013-09-01' and v4 <= '2013-09-30'
create_tj([['关注用户','2013-09-28','100','101'],['关注人数','2013-09-29','200','300'],]);
select * from tj where v5=2 and v4 >= '2013-09-01' and v4 <= '2013-09-30'
create_tj([['关注用户','2013-09-28','100','101'],['关注人数','2013-09-29','200','300'],]);
select * from tj where v5=2 and v4 >= '2013-09-01' and v4 <= '2013-09-30'
create_tj([['关注用户','2013-09-28','100','101'],['关注人数','2013-09-29','200','300'],]);
select * from tj where v5=2 and v4 >= '2013-09-01' and v4 <= '2013-09-30'
create_tj([['关注用户','2013-09-28','100','101'],['关注人数','2013-09-29','200','300'],]);
select * from tj where v5=2 and v4 >= '2013-09-01' and v4 <= '2013-09-30'
create_tj([['关注用户','2013-09-28','100','101'],['关注人数','2013-09-29','200','300'],]);
select * from tj where v5=2 and v4 >= '2013-09-01' and v4 <= '2013-09-30'
create_tj([['关注用户','2013-09-28','100','101'],['关注人数','2013-09-29','200','300'],]);
select * from tj where v5=2 and v4 >= '2013-09-01' and v4 <= '2013-09-30'
create_tj([['关注用户','2013-09-28','100','101'],['关注人数','2013-09-29','200','300'],]);
select * from tj where v5=2 and v4 >= '2013-09-01' and v4 <= '2013-09-30'
create_tj([['关注用户','2013-09-28','100','101'],['关注人数','2013-09-29','200','300'],]);
select * from tj where v5=2 and v4 >= '2013-09-01' and v4 <= '2013-09-30'
create_tj([['关注用户','2013-09-28','100','101'],['关注人数','2013-09-29','200','300'],]);
2013-09-22

2013-09-22

2013-09-22

select * from user_pic_message where id=6 or id='15' or id='16' ;

2013-09-22

2013-09-22

2013-09-22

select * from user_pic_message where id=6 or id='15' or id='16' ;

2013-09-22

2013-09-22

2013-09-22

select * from user_pic_message where id=6 or id='15' or id='16' ;

2013-09-22

2013-09-22

2013-09-22

select * from user_pic_message where id=6 or id='15' or id='16' ;

2013-09-22

2013-09-22

2013-09-22

select * from user_pic_message where id=6 or id='15' or id='16' ;

2013-09-22

2013-09-22

2013-09-22

select * from user_pic_message where id=6 or id='15' or id='16' ;

select * from tj where v5=2 and v4 >= '2013-10-01' and v4 <= '2013-10-31'
create_tj([]);
select * from tj where v5=2 and v4 >= '2013-10-02' and v4 <= '2013-10-10'
create_tj([]);
select * from tj where v5=2 and v4 >= '2013-09-01' and v4 <= '2013-10-10'
create_tj([['关注用户','2013-09-28','100','101'],['关注人数','2013-09-29','200','300'],]);
2013-09-22

2013-09-22

2013-09-22

select * from user_pic_message where id=6 or id='15' or id='16' ;

select * from tj where v5=2 and v4 >= '选择日期' and v4 <= '选择日期'
create_tj([]);
select * from tj where v5=2 and v4 >= '选择日期' and v4 <= '选择日期'
create_tj([]);
select * from tj where v5=2 and v4 >= '选择日期' and v4 <= '选择日期'
create_tj([]);
select * from tj where v5=2 and v4 >= '选择日期' and v4 <= '选择日期'
create_tj([]);
select * from tj where v5=2 and v4 >= '选择日期' and v4 <= '选择日期'
create_tj([]);
select * from tj where v5=2 and v4 >= '选择日期' and v4 <= '选择日期'
create_tj([]);
select * from tj where v5=2 and v4 >= '选择日期' and v4 <= '选择日期'
create_tj([]);
select * from tj where v5=2 and v4 >= '选择日期' and v4 <= '选择日期'
create_tj([]);
select * from tj where v5=2 and v4 >= '选择日期' and v4 <= '选择日期'
create_tj([]);
select * from tj where v5=2 and v4 >= '2013-11-04' and v4 <= '2013-11-11'
create_tj([]);
2013-10-14

2013-09-22

2013-10-14

2013-10-14

2013-10-14

2013-10-14

2013-09-22

2013-09-22

2013-10-14

2013-10-14

select * from user_pic_message where ;

2013-10-14

2013-09-22

2013-10-14

2013-10-14

2013-10-14

2013-10-14

2013-09-22

2013-09-22

2013-10-14

2013-10-14

select * from user_pic_message where ;

2013-10-14

2013-09-22

2013-10-14

2013-10-14

2013-10-14

2013-10-14

2013-09-22

2013-09-22

2013-10-14

2013-10-14

select * from user_pic_message where ;

2013-10-14

2013-09-22

2013-10-14

2013-10-14

2013-10-14

2013-10-14

2013-09-22

2013-09-22

2013-10-14

2013-10-14

select * from user_pic_message where ;

2013-10-14

2013-09-22

2013-10-14

2013-10-14

2013-10-14

2013-10-14

2013-09-22

2013-09-22

2013-10-14

2013-10-14

select * from user_pic_message where ;

2013-10-14

2013-09-22

2013-10-14

2013-10-14

2013-10-14

2013-10-14

2013-09-22

2013-09-22

2013-10-14

2013-10-14

select * from user_pic_message where ;

2013-10-14

2013-09-22

2013-10-14

2013-10-14

2013-10-14

2013-10-14

2013-09-22

2013-09-22

2013-10-14

2013-10-14

select * from user_pic_message where ;

2013-10-14

2013-09-22

2013-10-14

2013-10-14

2013-10-14

2013-10-14

2013-09-22

2013-09-22

2013-10-14

2013-10-14

select * from user_pic_message where ;

2013-10-14

2013-09-22

2013-10-14

2013-10-14

2013-10-14

2013-10-14

2013-09-22

2013-09-22

2013-10-14

2013-10-14

select * from user_pic_message where ;

2013-10-14

2013-09-22

2013-10-14

2013-10-14

2013-10-14

2013-10-14

2013-09-22

2013-09-22

2013-10-14

2013-10-14

select * from user_pic_message where ;

2013-10-14

2013-09-22

2013-10-14

2013-10-14

2013-10-14

2013-10-14

2013-09-22

2013-09-22

2013-10-14

2013-10-14

select * from user_pic_message where id=22 or id='20' or id='21' or id='18' or id='19' or id='23' or id='24' ;

2013-10-14

2013-09-22

2013-10-14

2013-10-14

2013-10-14

2013-10-14

2013-09-22

2013-09-22

2013-10-14

2013-10-14

select * from user_pic_message where id=22 or id='20' or id='21' or id='18' or id='19' or id='23' or id='24' ;

delete from house_view where id=19


2013-10-14

2013-09-22

2013-10-14

2013-10-14

2013-10-14

2013-09-22

2013-09-22

2013-10-14

2013-10-14

select * from user_pic_message where id=22 or id='20' or id='21' or id='18' or id='23' or id='24' ;

delete from house_view where id=20


2013-10-14

2013-09-22

2013-10-14

2013-10-14

2013-09-22

2013-09-22

2013-10-14

2013-10-14

select * from user_pic_message where id=22 or id='21' or id='18' or id='23' or id='24' ;

delete from house_view where id=18


2013-10-14

2013-09-22

2013-10-14

2013-09-22

2013-09-22

2013-10-14

2013-10-14

select * from user_pic_message where id=22 or id='21' or id='23' or id='24' ;

2013-10-14

2013-09-22

2013-10-14

2013-09-22

2013-09-22

2013-10-14

2013-10-14

select * from user_pic_message where ;

2013-10-14

2013-09-22

2013-10-14

2013-09-22

2013-09-22

2013-10-14

2013-10-14

select * from user_pic_message where ;

2013-10-14

2013-09-22

2013-10-14

2013-09-22

2013-09-22

2013-10-14

2013-10-14

select * from user_pic_message where ;

2013-10-14

2013-09-22

2013-10-14

2013-09-22

2013-09-22

2013-10-14

2013-10-14

select * from user_pic_message where ;

select * from tj where v5=7 and v4 >= '选择日期' and v4 <= '选择日期'
create_tj([]);
select * from tj where v5=7 and v4 >= '选择日期' and v4 <= '选择日期'
create_tj([]);
select * from tj where v5=7 and v4 >= '2013-11-01' and v4 <= '2013-11-30'
create_tj([]);
select * from tj where v5=7 and v4 >= '2013-11-01' and v4 <= '2013-11-30'
create_tj([]);
select * from tj where v5=7 and v4 >= '选择日期' and v4 <= '选择日期'
create_tj([]);
select * from tj where v5=7 and v4 >= '选择日期' and v4 <= '选择日期'
create_tj([]);
select * from tj where v5=7 and v4 >= '2013-01-02' and v4 <= '2013-11-27'
create_tj([]);
select * from tj where v5=7 and v4 >= '2013-01-02' and v4 <= '2013-11-27'
create_tj([]);
select * from tj where v5=7 and v4 >= '2013-01-02' and v4 <= '2013-11-27'
create_tj([]);
select * from tj where v5=7 and v4 >= '2013-01-02' and v4 <= '2013-11-27'
create_tj([]);
2013-10-14

2013-09-22

2013-10-14

2013-09-22

2013-09-22

2013-10-14

2013-10-14

select * from user_pic_message where ;

select * from tj where v5=7 and v4 >= '选择日期' and v4 <= '选择日期'
create_tj([]);
select * from tj where v5=7 and v4 >= '选择日期' and v4 <= '选择日期'
create_tj([]);
2013-10-14

2013-09-22

2013-10-14

2013-09-22

2013-09-22

2013-10-14

2013-10-14

select * from user_pic_message where id=22 or id='6' or id='21' or id='15' or id='16' or id='23' or id='24' ;

2013-10-14

2013-09-22

2013-10-14

2013-09-22

2013-09-22

2013-10-14

2013-10-14

select * from user_pic_message where ;

select * from tj where v5=7 and v4 >= '2013-11-04' and v4 <= '2013-11-05'
create_tj([]);
2013-10-14

2013-09-22

2013-10-14

2013-09-22

2013-09-22

2013-10-14

2013-10-14

select * from user_pic_message where ;

2013-10-14

2013-09-22

2013-10-14

2013-09-22

2013-09-22

2013-10-14

2013-10-14

select * from user_pic_message where ;

select * from tj where v5=7 and v4 >= '2013-11-04' and v4 <= '2013-11-07'
create_tj([]);
2013-10-14

2013-09-22

2013-10-14

2013-09-22

2013-09-22

2013-10-14

2013-10-14

select * from user_pic_message where ;

2013-10-14

2013-09-22

2013-10-14

2013-09-22

2013-09-22

2013-10-14

2013-10-14

select * from user_pic_message where ;

2013-10-14

2013-09-22

2013-10-14

2013-09-22

2013-09-22

2013-10-14

2013-10-14

select * from user_pic_message where id=22 or id='21' or id='23' or id='24' ;

2013-10-14

2013-09-22

2013-10-14

2013-09-22

2013-09-22

2013-10-14

2013-10-14

select * from user_pic_message where id=22 or id='21' or id='23' or id='24' ;

2013-10-14

2013-09-22

2013-10-14

2013-09-22

2013-09-22

2013-10-14

2013-10-14

select * from user_pic_message where ;

select * from tj where v5=7 and v4 >= '选择日期' and v4 <= '选择日期'
create_tj([]);
select * from tj where v5=7 and v4 >= '选择日期' and v4 <= '选择日期'
create_tj([]);
select * from tj where v5=7 and v4 >= '2013-11-01' and v4 <= '2013-11-29'
create_tj([]);
select * from tj where v5=7 and v4 >= '2013-11-01' and v4 <= '2013-11-29'
create_tj([]);
2013-10-14

2013-09-22

2013-10-14

2013-09-22

2013-09-22

2013-10-14

2013-10-14

select * from user_pic_message where ;

2013-10-14

2013-09-22

2013-10-14

2013-09-22

2013-09-22

2013-10-14

2013-10-14

select * from user_pic_message where ;

2013-10-14

2013-09-22

2013-10-14

2013-09-22

2013-09-22

2013-10-14

2013-10-14

select * from user_pic_message where ;

2013-10-14

2013-09-22

2013-10-14

2013-09-22

2013-09-22

2013-10-14

2013-10-14

select * from user_pic_message where ;

2013-10-14

2013-09-22

2013-10-14

2013-09-22

2013-09-22

2013-10-14

2013-10-14

select * from user_pic_message where ;

2013-10-14

2013-09-22

2013-10-14

2013-09-22

2013-09-22

2013-10-14

2013-10-14

select * from user_pic_message where ;

select * from tj where v5=7 and v4 >= '选择日期' and v4 <= '选择日期'
create_tj([]);
select * from tj where v5=7 and v4 >= '选择日期' and v4 <= '选择日期'
create_tj([]);
2013-10-14

2013-09-22

2013-10-14

2013-09-22

2013-09-22

2013-10-14

2013-10-14

select * from user_pic_message where ;

2013-10-14

2013-09-22

2013-10-14

2013-09-22

2013-09-22

2013-10-14

2013-10-14

select * from user_pic_message where ;

2013-10-14

2013-09-22

2013-10-14

2013-09-22

2013-09-22

2013-10-14

2013-10-14

select * from user_pic_message where ;

2013-10-14

2013-09-22

2013-10-14

2013-09-22

2013-09-22

2013-10-14

2013-10-14

select * from user_pic_message where ;

2013-10-14

2013-09-22

2013-10-14

2013-09-22

2013-09-22

2013-10-14

2013-10-14

select * from user_pic_message where ;

2013-10-14

2013-09-22

2013-10-14

2013-09-22

2013-09-22

2013-10-14

2013-10-14

select * from user_pic_message where ;

2013-10-14

2013-09-22

2013-10-14

2013-09-22

2013-09-22

2013-10-14

2013-10-14

select * from user_pic_message where ;

2013-10-14

2013-09-22

2013-10-14

2013-09-22

2013-09-22

2013-10-14

2013-10-14

select * from user_pic_message where ;

2013-10-14

2013-09-22

2013-10-14

2013-09-22

2013-09-22

2013-10-14

2013-10-14

select * from user_pic_message where ;

